<?xml version="1.0" encoding="UTF-8"?>
<!-- Generated by org.testng.reporters.JUnitReportReporter -->
<testsuite hostname="LAPTOP-HGJU6DES" failures="0" tests="1" name="sdet_basics.test_class" time="0.010" errors="0" timestamp="2024-02-21T00:12:32 IST" skipped="0">
  <testcase classname="sdet_basics.test_class" name="just_print" time="0.010"/>
</testsuite> <!-- sdet_basics.test_class -->
